{
  "stats": {
    "suites": 21,
    "tests": 29,
    "passes": 26,
    "pending": 0,
    "failures": 3,
    "testsRegistered": 29,
    "passPercent": 89.65517241379311,
    "pendingPercent": 0,
    "other": 0,
    "hasOther": false,
    "skipped": 0,
    "hasSkipped": false,
    "start": "2023-04-05T10:55:37.040Z",
    "end": "2023-04-05T12:17:46.243Z",
    "duration": 4929203
  },
  "results": [
    {
      "uuid": "e9c7641f-913c-44a8-bf90-bbbd9aa2d879",
      "title": "",
      "fullFile": "cypress\\e2e\\integration\\webdriver-uni\\48-contact-us_HOME_PO.js",
      "file": "cypress\\e2e\\integration\\webdriver-uni\\48-contact-us_HOME_PO.js",
      "beforeHooks": [],
      "afterHooks": [],
      "tests": [],
      "suites": [
        {
          "uuid": "3c4d07b3-5c29-4e66-93af-4985e6a95fe6",
          "title": "Test Contact Us form via WebdriverUni",
          "fullFile": "",
          "file": "",
          "beforeHooks": [],
          "afterHooks": [],
          "tests": [
            {
              "title": "Should be able to submit a successful submission via contact us form",
              "fullTitle": "Test Contact Us form via WebdriverUni Should be able to submit a successful submission via contact us form",
              "timedOut": null,
              "duration": 45049,
              "state": "passed",
              "speed": "slow",
              "pass": true,
              "fail": false,
              "pending": false,
              "context": null,
              "code": "cy.document().should(\"have.property\", \"charset\").and(\"eq\", \"UTF-8\");\ncy.title().should(\"include\", \"WebDriver | Contact Us\");\ncy.url().should(\"include\", \"contactus\");\n//cy.get('#contact-us').click({force: true})\n// cy.get('[name=\"first_name\"]').type(data.first_name);\n// cy.get('[name=\"last_name\"]').type(data.last_name);\n// cy.get('[name=\"email\"]').type(data.email)\n// cy.get('textarea.feedback-input').type(\"How can I learn Cypress?\")\n// cy.get('[type=\"submit\"]').click();\n// cy.get('h1').should('have.text', 'Thank You for your Message!')\ncy.webdriverUni_ContactForm_Submission(Cypress.env(\"first_name\"), data.last_name, data.email, \"How can I learn Cypress?\", \"h1\", \"Thank You for your Message!\");",
              "err": {},
              "uuid": "5502a371-7317-461d-a20b-2ccae5449c99",
              "parentUUID": "3c4d07b3-5c29-4e66-93af-4985e6a95fe6",
              "isHook": false,
              "skipped": false
            },
            {
              "title": "Should not be able to submit a successful submission via contact us form as all fields are required",
              "fullTitle": "Test Contact Us form via WebdriverUni Should not be able to submit a successful submission via contact us form as all fields are required",
              "timedOut": null,
              "duration": 3650,
              "state": "passed",
              "speed": "fast",
              "pass": true,
              "fail": false,
              "pending": false,
              "context": null,
              "code": "// cy.get('[name=\"first_name\"]').type(data.first_name);\n// cy.get('[name=\"last_name\"]').type(data.last_name);\n// cy.get('textarea.feedback-input').type(\"How can I learn Cypress?\")\n// cy.get('[type=\"submit\"]').click();\n// cy.get('body').contains('Error: all fields are required');\ncy.webdriverUni_ContactForm_Submission(data.first_name, data.last_name, \" \", \"How can I learn Cypress?\", \"body\", \"Error: Invalid email address\");",
              "err": {},
              "uuid": "231ec22f-1197-48aa-a41b-178785155afc",
              "parentUUID": "3c4d07b3-5c29-4e66-93af-4985e6a95fe6",
              "isHook": false,
              "skipped": false
            }
          ],
          "suites": [],
          "passes": [
            "5502a371-7317-461d-a20b-2ccae5449c99",
            "231ec22f-1197-48aa-a41b-178785155afc"
          ],
          "failures": [],
          "pending": [],
          "skipped": [],
          "duration": 48699,
          "root": false,
          "rootEmpty": false,
          "_timeout": 2000
        }
      ],
      "passes": [],
      "failures": [],
      "pending": [],
      "skipped": [],
      "duration": 0,
      "root": true,
      "rootEmpty": true,
      "_timeout": 2000
    },
    {
      "uuid": "5549db83-508c-48f9-afd1-629e857c23fc",
      "title": "",
      "fullFile": "cypress\\e2e\\integration\\webdriver-uni\\49-contact-us_TIMEOUT_PAUSE_WAIT.js",
      "file": "cypress\\e2e\\integration\\webdriver-uni\\49-contact-us_TIMEOUT_PAUSE_WAIT.js",
      "beforeHooks": [],
      "afterHooks": [],
      "tests": [],
      "suites": [
        {
          "uuid": "5e9ad39f-f01a-44a4-90e7-c259d3012c6a",
          "title": "Test Contact Us form via WebdriverUni",
          "fullFile": "",
          "file": "",
          "beforeHooks": [],
          "afterHooks": [],
          "tests": [
            {
              "title": "Should be able to submit a successful submission via contact us form",
              "fullTitle": "Test Contact Us form via WebdriverUni Should be able to submit a successful submission via contact us form",
              "timedOut": null,
              "duration": 48098,
              "state": "passed",
              "speed": "slow",
              "pass": true,
              "fail": false,
              "pending": false,
              "context": null,
              "code": "cy.document().should(\"have.property\", \"charset\").and(\"eq\", \"UTF-8\");\ncy.title().should(\"include\", \"WebDriver | Contact Us\");\ncy.url().should(\"include\", \"contactus\");\ncontact_Us_PO.contactForm_Submission(Cypress.env(\"first_name\"), data.last_name, data.email, \"How can I learn Cypress?\", \"h1\", \"Thank You for your Message!\");",
              "err": {},
              "uuid": "36b7e2d4-b357-49bf-bf52-85754d52cece",
              "parentUUID": "5e9ad39f-f01a-44a4-90e7-c259d3012c6a",
              "isHook": false,
              "skipped": false
            },
            {
              "title": "Should not be able to submit a successful submission via contact us form as all fields are required",
              "fullTitle": "Test Contact Us form via WebdriverUni Should not be able to submit a successful submission via contact us form as all fields are required",
              "timedOut": null,
              "duration": 5269,
              "state": "passed",
              "speed": "medium",
              "pass": true,
              "fail": false,
              "pending": false,
              "context": null,
              "code": "contact_Us_PO.contactForm_Submission(data.first_name, data.last_name, \" \", \"How can I learn Cypress?\", \"body\", \"Error: Invalid email address\");",
              "err": {},
              "uuid": "6083abb7-7d54-4700-9d7c-e8077cdba977",
              "parentUUID": "5e9ad39f-f01a-44a4-90e7-c259d3012c6a",
              "isHook": false,
              "skipped": false
            }
          ],
          "suites": [],
          "passes": [
            "36b7e2d4-b357-49bf-bf52-85754d52cece",
            "6083abb7-7d54-4700-9d7c-e8077cdba977"
          ],
          "failures": [],
          "pending": [],
          "skipped": [],
          "duration": 53367,
          "root": false,
          "rootEmpty": false,
          "_timeout": 2000
        }
      ],
      "passes": [],
      "failures": [],
      "pending": [],
      "skipped": [],
      "duration": 0,
      "root": true,
      "rootEmpty": true,
      "_timeout": 2000
    },
    {
      "uuid": "3621a809-e53e-4266-ae80-17254b5593cc",
      "title": "",
      "fullFile": "cypress\\e2e\\integration\\webdriver-uni\\52-contact-us_VIEW_PORT.js",
      "file": "cypress\\e2e\\integration\\webdriver-uni\\52-contact-us_VIEW_PORT.js",
      "beforeHooks": [],
      "afterHooks": [],
      "tests": [],
      "suites": [
        {
          "uuid": "1bcd4065-c73f-46a1-8cf5-80d432e81883",
          "title": "Test Contact Us form via Automation Test Store",
          "fullFile": "",
          "file": "",
          "beforeHooks": [],
          "afterHooks": [],
          "tests": [
            {
              "title": "Should be able to submit a successful submission via contact us form",
              "fullTitle": "Test Contact Us form via Automation Test Store Should be able to submit a successful submission via contact us form",
              "timedOut": null,
              "duration": 6598,
              "state": "passed",
              "speed": "medium",
              "pass": true,
              "fail": false,
              "pending": false,
              "context": null,
              "code": "cy.visit(\"https://www.automationteststore.com/\");\ncy.get(\"a[href$='contact']\").click().then(function (linkText) {\n  cy.log(\"Clicked on link using text: \" + linkText.text());\n});\n//cy.xpath(\"//a[contains(@href, 'contact')]\").click();\ncy.get(\"@user\").then(user => {\n  cy.get('#ContactUsFrm_first_name').type(user.first_name);\n  cy.get('#ContactUsFrm_email').type(user.email);\n});\ncy.get('#ContactUsFrm_email').should('have.attr', 'name', 'email');\ncy.get('#ContactUsFrm_enquiry').type(\"Do you provide additional discount on bulk orders?\");\ncy.get(\"button[title='Submit']\").click();\ncy.get('.mb40 > :nth-child(3)').should('have.text', 'Your enquiry has been successfully sent to the store owner!');\ncy.log(\"Test has completed!\");",
              "err": {},
              "uuid": "d50ebc8b-b351-4a78-9ec1-5a727e5d425e",
              "parentUUID": "1bcd4065-c73f-46a1-8cf5-80d432e81883",
              "isHook": false,
              "skipped": false
            }
          ],
          "suites": [],
          "passes": [
            "d50ebc8b-b351-4a78-9ec1-5a727e5d425e"
          ],
          "failures": [],
          "pending": [],
          "skipped": [],
          "duration": 6598,
          "root": false,
          "rootEmpty": false,
          "_timeout": 2000
        }
      ],
      "passes": [],
      "failures": [],
      "pending": [],
      "skipped": [],
      "duration": 0,
      "root": true,
      "rootEmpty": true,
      "_timeout": 2000
    },
    {
      "uuid": "8c69cb0c-63d7-48bd-9bc5-475625a0ef92",
      "title": "",
      "fullFile": "cypress\\e2e\\integration\\webdriver-uni\\contac-us.js",
      "file": "cypress\\e2e\\integration\\webdriver-uni\\contac-us.js",
      "beforeHooks": [],
      "afterHooks": [],
      "tests": [],
      "suites": [
        {
          "uuid": "39160309-7c7d-4fe1-bf3d-39f4a8731728",
          "title": "Test de contac en la web de webdriverUni",
          "fullFile": "",
          "file": "",
          "beforeHooks": [],
          "afterHooks": [],
          "tests": [
            {
              "title": "Debería poder enviar un envío exitoso a través del formulario de contacto",
              "fullTitle": "Test de contac en la web de webdriverUni Debería poder enviar un envío exitoso a través del formulario de contacto",
              "timedOut": null,
              "duration": 24900,
              "state": "passed",
              "speed": "slow",
              "pass": true,
              "fail": false,
              "pending": false,
              "context": null,
              "code": "//cy.visit(\"http://www.webdriveruniversity.com/Contact-Us/contactus.html\");\ncy.visit(\"http://www.webdriveruniversity.com\");\ncy.get('#contact-us').invoke('removeAttr', 'target').click({\n  force: true\n});\ncy.document().should('have.property', 'charset').and('eq', 'UTF-8');\ncy.title().should('include', 'WebDriver | Contact Us');\ncy.url().should('include', 'contactus');\n//cy.get('#contact-us').click({force: true})\ncy.get('[name=\"first_name\"]').type(\"Laura\");\ncy.get('[name=\"last_name\"]').type(\"Salgado\");\ncy.get('[name=\"email\"]').type(\"lau@gmail.com\");\ncy.get('textarea.feedback-input').type(\"How can I learn Cypress?\");\ncy.get('[type=\"submit\"]').click();\ncy.get('h1').should('have.text', 'Thank You for your Message!');",
              "err": {},
              "uuid": "9dfa0cb4-be56-4e2e-8eb4-bcb4b30ecac0",
              "parentUUID": "39160309-7c7d-4fe1-bf3d-39f4a8731728",
              "isHook": false,
              "skipped": false
            }
          ],
          "suites": [],
          "passes": [
            "9dfa0cb4-be56-4e2e-8eb4-bcb4b30ecac0"
          ],
          "failures": [],
          "pending": [],
          "skipped": [],
          "duration": 24900,
          "root": false,
          "rootEmpty": false,
          "_timeout": 2000
        }
      ],
      "passes": [],
      "failures": [],
      "pending": [],
      "skipped": [],
      "duration": 0,
      "root": true,
      "rootEmpty": true,
      "_timeout": 2000
    },
    {
      "uuid": "d2861e10-dcb5-4ef4-98d0-2fdb9f523dac",
      "title": "",
      "fullFile": "cypress\\e2e\\integration\\webdriver-uni\\contact-us_DOCUMENT.js",
      "file": "cypress\\e2e\\integration\\webdriver-uni\\contact-us_DOCUMENT.js",
      "beforeHooks": [],
      "afterHooks": [],
      "tests": [],
      "suites": [
        {
          "uuid": "6a415382-1275-4466-9e53-c55126c5b4f7",
          "title": "Test Contact Us form via WebdriverUni",
          "fullFile": "",
          "file": "",
          "beforeHooks": [],
          "afterHooks": [],
          "tests": [
            {
              "title": "Should be able to submit a successful submission via contact us form",
              "fullTitle": "Test Contact Us form via WebdriverUni Should be able to submit a successful submission via contact us form",
              "timedOut": null,
              "duration": 18381,
              "state": "passed",
              "speed": "slow",
              "pass": true,
              "fail": false,
              "pending": false,
              "context": null,
              "code": "cy.visit(\"http://www.webdriveruniversity.com/Contact-Us/contactus.html\");\ncy.document().should('have.property', 'charset').and('eq', 'UTF-8');\n//cy.get('#contact-us').click({force: true})\ncy.get('[name=\"first_name\"]').type(\"Laura\");\ncy.get('[name=\"last_name\"]').type(\"Salgado\");\ncy.get('[name=\"email\"]').type(\"lau@gmail.com\").pause(); //pause relentiza la animación\ncy.get('textarea.feedback-input').type(\"TEXT TEXT TEXT TEXT TEXT TEXT TEXT TEXT TEXT TEXT TEXT TEXT\");\ncy.get('[type=\"submit\"]').click();\ncy.get('h1').should('have.text', 'Thank You for your Message!');\ncy.log(\"Test has completed!\");",
              "err": {},
              "uuid": "919f1689-b542-4148-a706-2cd9fe547957",
              "parentUUID": "6a415382-1275-4466-9e53-c55126c5b4f7",
              "isHook": false,
              "skipped": false
            }
          ],
          "suites": [],
          "passes": [
            "919f1689-b542-4148-a706-2cd9fe547957"
          ],
          "failures": [],
          "pending": [],
          "skipped": [],
          "duration": 18381,
          "root": false,
          "rootEmpty": false,
          "_timeout": 2000
        }
      ],
      "passes": [],
      "failures": [],
      "pending": [],
      "skipped": [],
      "duration": 0,
      "root": true,
      "rootEmpty": true,
      "_timeout": 2000
    },
    {
      "uuid": "e0fea94c-ab61-4528-b62a-f6052f47815d",
      "title": "",
      "fullFile": "cypress\\e2e\\integration\\webdriver-uni\\contact-us_H1.js",
      "file": "cypress\\e2e\\integration\\webdriver-uni\\contact-us_H1.js",
      "beforeHooks": [],
      "afterHooks": [],
      "tests": [],
      "suites": [
        {
          "uuid": "3183fea8-5716-4bb3-abd9-fdeaea3d69f4",
          "title": "Test Contact Us form via WebdriverUni",
          "fullFile": "",
          "file": "",
          "beforeHooks": [],
          "afterHooks": [],
          "tests": [
            {
              "title": "Should be able to submit a successful submission via contact us form",
              "fullTitle": "Test Contact Us form via WebdriverUni Should be able to submit a successful submission via contact us form",
              "timedOut": null,
              "duration": 4332,
              "state": "passed",
              "speed": "fast",
              "pass": true,
              "fail": false,
              "pending": false,
              "context": null,
              "code": "cy.visit(\"http://www.webdriveruniversity.com/Contact-Us/contactus.html\");\n//cy.get('#contact-us').click({force: true})\ncy.get('[name=\"first_name\"]').type(\"Laura\");\ncy.get('[name=\"last_name\"]').type(\"Salgado\");\ncy.get('[name=\"email\"]').type(\"lau@gmail.com\");\ncy.get('textarea.feedback-input').type(\"TEXT TEXT TEXT TEXT TEXT TEXT TEXT TEXT TEXT TEXT TEXT TEXT\");\ncy.get('[type=\"submit\"]').click();\ncy.get('h1').should('have.text', 'Thank You for your Message!');\ncy.log(\"Test has completed!\");",
              "err": {},
              "uuid": "39ad0cf2-042d-4d19-9b77-c60ed3e598c3",
              "parentUUID": "3183fea8-5716-4bb3-abd9-fdeaea3d69f4",
              "isHook": false,
              "skipped": false
            },
            {
              "title": "Should not be able to submit a successful submission via contact us form as all fields are required",
              "fullTitle": "Test Contact Us form via WebdriverUni Should not be able to submit a successful submission via contact us form as all fields are required",
              "timedOut": null,
              "duration": 1281,
              "state": "passed",
              "speed": "fast",
              "pass": true,
              "fail": false,
              "pending": false,
              "context": null,
              "code": "cy.visit(\"http://www.webdriveruniversity.com/Contact-Us/contactus.html\");\ncy.get('[name=\"first_name\"]').type(\"Tom\");\ncy.get('[name=\"last_name\"]').type(\"blogs\");\ncy.get('textarea.feedback-input').type(\"How can I learn Cypress?\");\ncy.get('[type=\"submit\"]').click();",
              "err": {},
              "uuid": "28ebde35-98f9-456a-8d1a-07f5de544c4e",
              "parentUUID": "3183fea8-5716-4bb3-abd9-fdeaea3d69f4",
              "isHook": false,
              "skipped": false
            }
          ],
          "suites": [],
          "passes": [
            "39ad0cf2-042d-4d19-9b77-c60ed3e598c3",
            "28ebde35-98f9-456a-8d1a-07f5de544c4e"
          ],
          "failures": [],
          "pending": [],
          "skipped": [],
          "duration": 5613,
          "root": false,
          "rootEmpty": false,
          "_timeout": 2000
        }
      ],
      "passes": [],
      "failures": [],
      "pending": [],
      "skipped": [],
      "duration": 0,
      "root": true,
      "rootEmpty": true,
      "_timeout": 2000
    },
    {
      "uuid": "b4d463ad-4952-4c10-94b4-4e851a6f1000",
      "title": "",
      "fullFile": "cypress\\e2e\\integration\\webdriver-uni\\contact-us_TITLE.js",
      "file": "cypress\\e2e\\integration\\webdriver-uni\\contact-us_TITLE.js",
      "beforeHooks": [],
      "afterHooks": [],
      "tests": [],
      "suites": [
        {
          "uuid": "6fabd9b7-e1b6-4393-af80-2a7ec0cfe9ef",
          "title": "Test Contact Us form via WebdriverUni",
          "fullFile": "",
          "file": "",
          "beforeHooks": [],
          "afterHooks": [],
          "tests": [
            {
              "title": "Should be able to submit a successful submission via contact us form",
              "fullTitle": "Test Contact Us form via WebdriverUni Should be able to submit a successful submission via contact us form",
              "timedOut": null,
              "duration": 9815,
              "state": "passed",
              "speed": "medium",
              "pass": true,
              "fail": false,
              "pending": false,
              "context": null,
              "code": "cy.visit(\"http://www.webdriveruniversity.com/Contact-Us/contactus.html\");\ncy.document().should('have.property', 'charset').and('eq', 'UTF-8');\ncy.title().should('include', 'WebDriver | Contact Us');\n//cy.get('#contact-us').click({force: true})\ncy.get('[name=\"first_name\"]').type(\"Laura\");\ncy.get('[name=\"last_name\"]').type(\"Salgado\");\ncy.get('[name=\"email\"]').type(\"lau@gmail.com\");\ncy.get('textarea.feedback-input').type(\"TEXT TEXT TEXT TEXT TEXT TEXT TEXT TEXT TEXT TEXT TEXT TEXT\");\ncy.get('[type=\"submit\"]').click();\ncy.get('h1').should('have.text', 'Thank You for your Message!');",
              "err": {},
              "uuid": "29d63f9e-5e90-4481-9f5b-5b0f2f50f029",
              "parentUUID": "6fabd9b7-e1b6-4393-af80-2a7ec0cfe9ef",
              "isHook": false,
              "skipped": false
            }
          ],
          "suites": [],
          "passes": [
            "29d63f9e-5e90-4481-9f5b-5b0f2f50f029"
          ],
          "failures": [],
          "pending": [],
          "skipped": [],
          "duration": 9815,
          "root": false,
          "rootEmpty": false,
          "_timeout": 2000
        }
      ],
      "passes": [],
      "failures": [],
      "pending": [],
      "skipped": [],
      "duration": 0,
      "root": true,
      "rootEmpty": true,
      "_timeout": 2000
    },
    {
      "uuid": "4c0176bf-64e2-491d-b19c-b2838eee3349",
      "title": "",
      "fullFile": "cypress\\e2e\\integration\\webdriver-uni\\contact-us_URL.js",
      "file": "cypress\\e2e\\integration\\webdriver-uni\\contact-us_URL.js",
      "beforeHooks": [],
      "afterHooks": [],
      "tests": [],
      "suites": [
        {
          "uuid": "ccbb56d9-a2ec-4efc-a1be-15925b8e05c1",
          "title": "Test Contact Us form via WebdriverUni",
          "fullFile": "",
          "file": "",
          "beforeHooks": [],
          "afterHooks": [],
          "tests": [
            {
              "title": "Should be able to submit a successful submission via contact us form",
              "fullTitle": "Test Contact Us form via WebdriverUni Should be able to submit a successful submission via contact us form",
              "timedOut": null,
              "duration": 2999,
              "state": "passed",
              "speed": "fast",
              "pass": true,
              "fail": false,
              "pending": false,
              "context": null,
              "code": "cy.visit(\"http://www.webdriveruniversity.com/Contact-Us/contactus.html\");\ncy.document().should('have.property', 'charset').and('eq', 'UTF-8');\ncy.title().should('include', 'WebDriver | Contact Us');\ncy.url().should('include', 'contactus');\n//cy.get('#contact-us').click({force: true})\ncy.get('[name=\"first_name\"]').type(\"Laura\");\ncy.get('[name=\"last_name\"]').type(\"Salgado\");\ncy.get('[name=\"email\"]').type(\"lau@gmail.com\");\ncy.get('textarea.feedback-input').type(\"TEXT TEXT TEXT TEXT TEXT TEXT TEXT TEXT TEXT TEXT TEXT TEXT\");\ncy.get('[type=\"submit\"]').click();\ncy.get('h1').should('have.text', 'Thank You for your Message!');",
              "err": {},
              "uuid": "db8bb350-a207-433c-b00c-b8d588c3538c",
              "parentUUID": "ccbb56d9-a2ec-4efc-a1be-15925b8e05c1",
              "isHook": false,
              "skipped": false
            }
          ],
          "suites": [],
          "passes": [
            "db8bb350-a207-433c-b00c-b8d588c3538c"
          ],
          "failures": [],
          "pending": [],
          "skipped": [],
          "duration": 2999,
          "root": false,
          "rootEmpty": false,
          "_timeout": 2000
        }
      ],
      "passes": [],
      "failures": [],
      "pending": [],
      "skipped": [],
      "duration": 0,
      "root": true,
      "rootEmpty": true,
      "_timeout": 2000
    },
    {
      "uuid": "4c06c90e-b6db-41e3-965e-4b5947c3469f",
      "title": "",
      "fullFile": "cypress\\e2e\\integration\\webdriver-uni\\select-dropdown-list.js",
      "file": "cypress\\e2e\\integration\\webdriver-uni\\select-dropdown-list.js",
      "beforeHooks": [],
      "afterHooks": [],
      "tests": [],
      "suites": [
        {
          "uuid": "fab917e9-5228-42fb-b63d-eace5a45cd5e",
          "title": "Interact with dropdown lists via webdriveruni",
          "fullFile": "",
          "file": "",
          "beforeHooks": [],
          "afterHooks": [],
          "tests": [
            {
              "title": "Select specific values via select dropdown lists",
              "fullTitle": "Interact with dropdown lists via webdriveruni Select specific values via select dropdown lists",
              "timedOut": null,
              "duration": 2114,
              "state": "passed",
              "speed": "fast",
              "pass": true,
              "fail": false,
              "pending": false,
              "context": null,
              "code": "cy.visit(\"http://www.webdriveruniversity.com\");\ncy.get('#dropdown-checkboxes-radiobuttons').invoke('removeAttr', 'target').click({\n  force: true\n});\ncy.get('#dropdowm-menu-1').select('c#');\ncy.get('#dropdowm-menu-2').select('testng').should('have.value', 'testng');\ncy.get('#dropdowm-menu-3').select('JQuery').contains('JQuery');\ncy.get('#dropdowm-menu-2').select('maven').should('have.value', 'maven');\ncy.get('#dropdowm-menu-2').select('TestNG').contains('TestNG');",
              "err": {},
              "uuid": "32eef227-ce4f-479f-9211-1b1d22447e58",
              "parentUUID": "fab917e9-5228-42fb-b63d-eace5a45cd5e",
              "isHook": false,
              "skipped": false
            }
          ],
          "suites": [],
          "passes": [
            "32eef227-ce4f-479f-9211-1b1d22447e58"
          ],
          "failures": [],
          "pending": [],
          "skipped": [],
          "duration": 2114,
          "root": false,
          "rootEmpty": false,
          "_timeout": 2000
        }
      ],
      "passes": [],
      "failures": [],
      "pending": [],
      "skipped": [],
      "duration": 0,
      "root": true,
      "rootEmpty": true,
      "_timeout": 2000
    },
    {
      "uuid": "b61b00a6-f577-490f-b8ca-2685e9a57f83",
      "title": "",
      "fullFile": "cypress\\e2e\\integration\\webdriver-uni\\selectors.js",
      "file": "cypress\\e2e\\integration\\webdriver-uni\\selectors.js",
      "beforeHooks": [],
      "afterHooks": [],
      "tests": [],
      "suites": [
        {
          "uuid": "5edc13a5-2194-496e-a5e4-18bee8648160",
          "title": "Selector examples",
          "fullFile": "",
          "file": "",
          "beforeHooks": [],
          "afterHooks": [],
          "tests": [
            {
              "title": "Examples of Selectors via WebdriverUni Contact Us Page",
              "fullTitle": "Selector examples Examples of Selectors via WebdriverUni Contact Us Page",
              "timedOut": null,
              "duration": 472,
              "state": "passed",
              "speed": "fast",
              "pass": true,
              "fail": false,
              "pending": false,
              "context": null,
              "code": "cy.visit(\"http://www.webdriveruniversity.com/Contact-Us/contactus.html\");\n//By tag name\ncy.get(\"input\");\n//By attribute name and value\ncy.get(\"input[name='first_name']\");\n//By id\ncy.get(\"#contact_me\");\n//By class\ncy.get(\".feedback-input\");\n//By multiple classes\ncy.get(\"[class='navbar navbar-inverse navbar-fixed-top']\");\n//By two different attributes\ncy.get(\"[name='email'][placeholder='Email Address']\");\n//By xpath\ncy.xpath(\"//input[@name='first_name']\");",
              "err": {},
              "uuid": "8efb168a-170f-4666-9732-86c3aa583caa",
              "parentUUID": "5edc13a5-2194-496e-a5e4-18bee8648160",
              "isHook": false,
              "skipped": false
            }
          ],
          "suites": [],
          "passes": [
            "8efb168a-170f-4666-9732-86c3aa583caa"
          ],
          "failures": [],
          "pending": [],
          "skipped": [],
          "duration": 472,
          "root": false,
          "rootEmpty": false,
          "_timeout": 2000
        }
      ],
      "passes": [],
      "failures": [],
      "pending": [],
      "skipped": [],
      "duration": 0,
      "root": true,
      "rootEmpty": true,
      "_timeout": 2000
    },
    {
      "uuid": "eaab9a86-15d3-4643-b720-508ce84cf93c",
      "title": "",
      "fullFile": "cypress\\e2e\\integration\\automation-test-store\\44-iterate-over-elements_COMMANDS.js",
      "file": "cypress\\e2e\\integration\\automation-test-store\\44-iterate-over-elements_COMMANDS.js",
      "beforeHooks": [],
      "afterHooks": [],
      "tests": [],
      "suites": [
        {
          "uuid": "8d3585a0-8b46-42b3-bae1-9014e99b215f",
          "title": "Iterate over elements",
          "fullFile": "",
          "file": "",
          "beforeHooks": [],
          "afterHooks": [],
          "tests": [
            {
              "title": "Log information of all hair care products",
              "fullTitle": "Iterate over elements Log information of all hair care products",
              "timedOut": null,
              "duration": 2542,
              "state": "passed",
              "speed": "fast",
              "pass": true,
              "fail": false,
              "pending": false,
              "context": null,
              "code": "cy.visit(\"https://automationteststore.com/\");\ncy.get(\"a[href*='product/category&path=']\").contains(\"Hair Care\").click();\ncy.get(\".fixed_wrapper .prdocutname\").each(($el, index, $list) => {\n  cy.log(\"Index: \" + index + \" : \" + $el.text());\n});",
              "err": {},
              "uuid": "b78a1042-b43f-4919-9cc0-51d698af1b98",
              "parentUUID": "8d3585a0-8b46-42b3-bae1-9014e99b215f",
              "isHook": false,
              "skipped": false
            },
            {
              "title": "Add specific product to basket",
              "fullTitle": "Iterate over elements Add specific product to basket",
              "timedOut": null,
              "duration": 1349,
              "state": "passed",
              "speed": "fast",
              "pass": true,
              "fail": false,
              "pending": false,
              "context": null,
              "code": "cy.visit(\"https://automationteststore.com/\");\ncy.get(\"a[href*='product/category&path=']\").contains(\"Hair Care\").click();\n// cy.get(\".fixed_wrapper .prdocutname\").each(($el, index, $list) => {\n//     if($el.text().includes('Curls to straight Shampoo')) {\n//         cy.wrap($el).click()\n//     }\n// });\ncy.selectProduct('Curls to straight Shampoo'); // ESTA FUNCION SE ENCUENTRA DENTRO DE SUPPORT/COMMAND",
              "err": {},
              "uuid": "899be0b7-adf0-4bc4-b627-6179cf5c000f",
              "parentUUID": "8d3585a0-8b46-42b3-bae1-9014e99b215f",
              "isHook": false,
              "skipped": false
            }
          ],
          "suites": [],
          "passes": [
            "b78a1042-b43f-4919-9cc0-51d698af1b98",
            "899be0b7-adf0-4bc4-b627-6179cf5c000f"
          ],
          "failures": [],
          "pending": [],
          "skipped": [],
          "duration": 3891,
          "root": false,
          "rootEmpty": false,
          "_timeout": 2000
        }
      ],
      "passes": [],
      "failures": [],
      "pending": [],
      "skipped": [],
      "duration": 0,
      "root": true,
      "rootEmpty": true,
      "_timeout": 2000
    },
    {
      "uuid": "f820a39e-be56-4fa0-83e4-8f39e9da64a1",
      "title": "",
      "fullFile": "cypress\\e2e\\integration\\automation-test-store\\45-add-multiple-items-to-basket_FIXTURES.js",
      "file": "cypress\\e2e\\integration\\automation-test-store\\45-add-multiple-items-to-basket_FIXTURES.js",
      "beforeHooks": [],
      "afterHooks": [],
      "tests": [],
      "suites": [
        {
          "uuid": "8839e056-76a0-42f5-a9e4-9d9720fc9f12",
          "title": "Add multiple items to basket",
          "fullFile": "",
          "file": "",
          "beforeHooks": [],
          "afterHooks": [],
          "tests": [
            {
              "title": "Add specific items to basket",
              "fullTitle": "Add multiple items to basket Add specific items to basket",
              "timedOut": null,
              "duration": 4199,
              "state": "passed",
              "speed": "fast",
              "pass": true,
              "fail": false,
              "pending": false,
              "context": null,
              "code": "globalThis.data.productName.forEach(function (element) {\n  cy.addProductToBasket(element);\n});\ncy.get('.dropdown-toggle > .fa').click();",
              "err": {},
              "uuid": "158681b7-86ed-4ad3-acc2-3dc84097f2b0",
              "parentUUID": "8839e056-76a0-42f5-a9e4-9d9720fc9f12",
              "isHook": false,
              "skipped": false
            }
          ],
          "suites": [],
          "passes": [
            "158681b7-86ed-4ad3-acc2-3dc84097f2b0"
          ],
          "failures": [],
          "pending": [],
          "skipped": [],
          "duration": 4199,
          "root": false,
          "rootEmpty": false,
          "_timeout": 2000
        }
      ],
      "passes": [],
      "failures": [],
      "pending": [],
      "skipped": [],
      "duration": 0,
      "root": true,
      "rootEmpty": true,
      "_timeout": 2000
    },
    {
      "uuid": "7ffa0c4e-8706-48c0-bbe8-8a191b4dad47",
      "title": "",
      "fullFile": "cypress\\e2e\\integration\\automation-test-store\\49-add-multiple-items-to-basket_HairCare.js",
      "file": "cypress\\e2e\\integration\\automation-test-store\\49-add-multiple-items-to-basket_HairCare.js",
      "beforeHooks": [],
      "afterHooks": [],
      "tests": [],
      "suites": [
        {
          "uuid": "a77c4a89-a88d-4507-a0fb-ebdf632b0828",
          "title": "Add multiple items to basket",
          "fullFile": "",
          "file": "",
          "beforeHooks": [],
          "afterHooks": [],
          "tests": [
            {
              "title": "Add specific items to basket",
              "fullTitle": "Add multiple items to basket Add specific items to basket",
              "timedOut": null,
              "duration": 4672,
              "state": "passed",
              "speed": "fast",
              "pass": true,
              "fail": false,
              "pending": false,
              "context": null,
              "code": "autoStore_HairCare_PO.addHairCareProductsToBasket();",
              "err": {},
              "uuid": "39f3cf00-c127-43ea-b9f3-7aea3ba6345d",
              "parentUUID": "a77c4a89-a88d-4507-a0fb-ebdf632b0828",
              "isHook": false,
              "skipped": false
            }
          ],
          "suites": [],
          "passes": [
            "39f3cf00-c127-43ea-b9f3-7aea3ba6345d"
          ],
          "failures": [],
          "pending": [],
          "skipped": [],
          "duration": 4672,
          "root": false,
          "rootEmpty": false,
          "_timeout": 2000
        }
      ],
      "passes": [],
      "failures": [],
      "pending": [],
      "skipped": [],
      "duration": 0,
      "root": true,
      "rootEmpty": true,
      "_timeout": 2000
    },
    {
      "uuid": "b314809b-5a23-4445-aa2e-30f2ecd8105f",
      "title": "",
      "fullFile": "cypress\\e2e\\integration\\automation-test-store\\49-add-multiple-items-to-basket_PO_COOKIES.js",
      "file": "cypress\\e2e\\integration\\automation-test-store\\49-add-multiple-items-to-basket_PO_COOKIES.js",
      "beforeHooks": [],
      "afterHooks": [],
      "tests": [],
      "suites": [
        {
          "uuid": "503696fe-5da0-40e5-9a76-32371e985838",
          "title": "Add multiple items to basket",
          "fullFile": "",
          "file": "",
          "beforeHooks": [],
          "afterHooks": [],
          "tests": [
            {
              "title": "Add specific items to basket",
              "fullTitle": "Add multiple items to basket Add specific items to basket",
              "timedOut": null,
              "duration": 4747,
              "state": "passed",
              "speed": "fast",
              "pass": true,
              "fail": false,
              "pending": false,
              "context": null,
              "code": "globalThis.data.productName.forEach(function (element) {\n  cy.addProductToBasket(element);\n});\ncy.get('.dropdown-toggle > .fa').click();",
              "err": {},
              "uuid": "f942839e-bd98-4c59-8e76-0b9f804289ad",
              "parentUUID": "503696fe-5da0-40e5-9a76-32371e985838",
              "isHook": false,
              "skipped": false
            }
          ],
          "suites": [],
          "passes": [
            "f942839e-bd98-4c59-8e76-0b9f804289ad"
          ],
          "failures": [],
          "pending": [],
          "skipped": [],
          "duration": 4747,
          "root": false,
          "rootEmpty": false,
          "_timeout": 2000
        }
      ],
      "passes": [],
      "failures": [],
      "pending": [],
      "skipped": [],
      "duration": 0,
      "root": true,
      "rootEmpty": true,
      "_timeout": 2000
    },
    {
      "uuid": "9cbe17af-aa81-4fb4-88c3-309375a192ee",
      "title": "",
      "fullFile": "cypress\\e2e\\integration\\automation-test-store\\alias-invoke_FINAL.js",
      "file": "cypress\\e2e\\integration\\automation-test-store\\alias-invoke_FINAL.js",
      "beforeHooks": [],
      "afterHooks": [],
      "tests": [],
      "suites": [
        {
          "uuid": "f3478c6c-3286-4c62-bdd3-8a464f20977a",
          "title": "Alias and invoke",
          "fullFile": "",
          "file": "",
          "beforeHooks": [],
          "afterHooks": [],
          "tests": [
            {
              "title": "Validar un producto específico para el cuidado del cabello hair care",
              "fullTitle": "Alias and invoke Validar un producto específico para el cuidado del cabello hair care",
              "timedOut": null,
              "duration": 3010,
              "state": "passed",
              "speed": "fast",
              "pass": true,
              "fail": false,
              "pending": false,
              "context": null,
              "code": "cy.visit(\"https://automationteststore.com/\");\ncy.get(\"a[href*='product/category&path=']\").contains(\"Hair Care\").click();\n//Comprobamos con el eq(numero que sea) de producto y luego comparamos con su nombre.\ncy.get(\".fixed_wrapper .prdocutname\").eq(1).invoke(\"text\").as(\"productThumbnail\");\ncy.get(\"@productThumbnail\").its(\"length\").should(\"be.gt\", 5);\ncy.get(\"@productThumbnail\").should(\"include\", \"Pantene Pro-V Conditioner, Classic Care\");",
              "err": {},
              "uuid": "e1ecd035-f18e-46d5-bb0f-973c83fae757",
              "parentUUID": "f3478c6c-3286-4c62-bdd3-8a464f20977a",
              "isHook": false,
              "skipped": false
            },
            {
              "title": "Calcular total de productos normales y en oferta",
              "fullTitle": "Alias and invoke Calcular total de productos normales y en oferta",
              "timedOut": null,
              "duration": 995,
              "state": "failed",
              "speed": null,
              "pass": false,
              "fail": true,
              "pending": false,
              "context": null,
              "code": "cy.visit(\"https://automationteststore.com/\");\ncy.get('.thumbnail').as('productThumbnail');\n// cy.get('@productThumbnail').find('.oneprice').each(($el, index, $list) => {\n//     cy.log($el.text());\n// });\n//le ponemos una etiqueta a cada uno de los precios\ncy.get('.thumbnail').find('.oneprice').invoke('text').as('itemPrice');\ncy.get('.thumbnail').find('.pricenew').invoke('text').as('saleItemPrice');\n//recoger los del precio normal \nvar itemsTotal = 0;\ncy.get('@itemPrice').then($linkText => {\n  var itemsPriceTotal = 0;\n  var itemPrice = $linkText.split('$');\n  var i;\n  for (i = 0; i < itemPrice.length; i++) {\n    cy.log(itemPrice[i]);\n    itemsPriceTotal += Number(itemPrice[i]);\n  }\n  itemsTotal += itemsPriceTotal;\n  cy.log(\"Non sale price items total: \" + itemsPriceTotal);\n});\n//recorrer los del precio rebajado\ncy.get('@saleItemPrice').then($linkText => {\n  var saleItemsPrice = 0;\n  var saleItemPrice = $linkText.split('$');\n  var i;\n  for (i = 0; i < saleItemPrice.length; i++) {\n    cy.log(saleItemPrice[i]);\n    saleItemsPrice += Number(saleItemPrice[i]);\n  }\n  itemsTotal += saleItemsPrice;\n  cy.log(\"Sale price items total: \" + saleItemsPrice);\n}).then(() => {\n  cy.log(\"The total price of all products: \" + itemsTotal);\n  expect(itemsTotal).to.equal(572.45);\n});",
              "err": {
                "message": "AssertionError: expected 639.49 to equal 572.45",
                "estack": "AssertionError: expected 639.49 to equal 572.45\n    at Context.eval (webpack:///./cypress/e2e/integration/automation-test-store/alias-invoke_FINAL.js:56:30)",
                "diff": "- 639.49\n+ 572.45\n"
              },
              "uuid": "f8bc8aea-cfef-473d-b3df-a444a1751fda",
              "parentUUID": "f3478c6c-3286-4c62-bdd3-8a464f20977a",
              "isHook": false,
              "skipped": false
            }
          ],
          "suites": [],
          "passes": [
            "e1ecd035-f18e-46d5-bb0f-973c83fae757"
          ],
          "failures": [
            "f8bc8aea-cfef-473d-b3df-a444a1751fda"
          ],
          "pending": [],
          "skipped": [],
          "duration": 4005,
          "root": false,
          "rootEmpty": false,
          "_timeout": 2000
        }
      ],
      "passes": [],
      "failures": [],
      "pending": [],
      "skipped": [],
      "duration": 0,
      "root": true,
      "rootEmpty": true,
      "_timeout": 2000
    },
    {
      "uuid": "247f34cb-6ac5-4d02-801d-470f3abd4c06",
      "title": "",
      "fullFile": "cypress\\e2e\\integration\\automation-test-store\\contact-us_SHOULD.js",
      "file": "cypress\\e2e\\integration\\automation-test-store\\contact-us_SHOULD.js",
      "beforeHooks": [],
      "afterHooks": [],
      "tests": [],
      "suites": [
        {
          "uuid": "5e320649-3209-42bc-bb06-c002687fdceb",
          "title": "Test Contact Us form via Automation Test Store",
          "fullFile": "",
          "file": "",
          "beforeHooks": [],
          "afterHooks": [],
          "tests": [
            {
              "title": "Should be able to submit a successful submission via contact us form",
              "fullTitle": "Test Contact Us form via Automation Test Store Should be able to submit a successful submission via contact us form",
              "timedOut": null,
              "duration": 5999,
              "state": "passed",
              "speed": "medium",
              "pass": true,
              "fail": false,
              "pending": false,
              "context": null,
              "code": "cy.visit(\"https://www.automationteststore.com/\");\ncy.get(\"a[href$='contact']\").click();\n//cy.xpath(\"//a[contains(@href, 'contact')]\").click();\ncy.get('#ContactUsFrm_first_name').type(\"Laura\");\ncy.get('#ContactUsFrm_email').type(\"lau@gmail.com\");\ncy.get('#ContactUsFrm_enquiry').type(\"Do you provide additional discount on bulk orders?\");\ncy.get(\"button[title='Submit']\").click();\ncy.get('.mb40 > :nth-child(3)').should('have.text', 'Your enquiry has been successfully sent to the store owner!');",
              "err": {},
              "uuid": "c75e7ce0-0c8d-46c8-b656-ca1270e9e305",
              "parentUUID": "5e320649-3209-42bc-bb06-c002687fdceb",
              "isHook": false,
              "skipped": false
            }
          ],
          "suites": [],
          "passes": [
            "c75e7ce0-0c8d-46c8-b656-ca1270e9e305"
          ],
          "failures": [],
          "pending": [],
          "skipped": [],
          "duration": 5999,
          "root": false,
          "rootEmpty": false,
          "_timeout": 2000
        }
      ],
      "passes": [],
      "failures": [],
      "pending": [],
      "skipped": [],
      "duration": 0,
      "root": true,
      "rootEmpty": true,
      "_timeout": 2000
    },
    {
      "uuid": "0f2309ce-5427-45dd-86f5-344c367a85e9",
      "title": "",
      "fullFile": "cypress\\e2e\\integration\\automation-test-store\\contact-us_THEN.js",
      "file": "cypress\\e2e\\integration\\automation-test-store\\contact-us_THEN.js",
      "beforeHooks": [],
      "afterHooks": [],
      "tests": [],
      "suites": [
        {
          "uuid": "2e267342-2792-4274-b652-075fd0049684",
          "title": "Test Contact Us form via Automation Test Store",
          "fullFile": "",
          "file": "",
          "beforeHooks": [],
          "afterHooks": [],
          "tests": [
            {
              "title": "Should be able to submit a successful submission via contact us form",
              "fullTitle": "Test Contact Us form via Automation Test Store Should be able to submit a successful submission via contact us form",
              "timedOut": null,
              "duration": 13314,
              "state": "passed",
              "speed": "slow",
              "pass": true,
              "fail": false,
              "pending": false,
              "context": null,
              "code": "cy.visit(\"https://www.automationteststore.com/\");\ncy.get(\"a[href$='contact']\").click().then(function (linkText) {\n  cy.log(\"Clicked on link using text: \" + linkText.text());\n});\n//cy.xpath(\"//a[contains(@href, 'contact')]\").click();\ncy.get('#ContactUsFrm_first_name').type(\"laura\");\ncy.get('#ContactUsFrm_email').type(\"lau@gmail.com\");\ncy.get('#ContactUsFrm_email').should('have.attr', 'name', 'email');\ncy.get('#ContactUsFrm_enquiry').type(\"Do you provide additional discount on bulk orders?\");\ncy.get(\"button[title='Submit']\").click();\ncy.get('.mb40 > :nth-child(3)').should('have.text', 'Your enquiry has been successfully sent to the store owner!');\ncy.log(\"Test has completed!\");",
              "err": {},
              "uuid": "20eaaf39-ddfc-4d72-9297-e81eda860e3f",
              "parentUUID": "2e267342-2792-4274-b652-075fd0049684",
              "isHook": false,
              "skipped": false
            }
          ],
          "suites": [],
          "passes": [
            "20eaaf39-ddfc-4d72-9297-e81eda860e3f"
          ],
          "failures": [],
          "pending": [],
          "skipped": [],
          "duration": 13314,
          "root": false,
          "rootEmpty": false,
          "_timeout": 2000
        }
      ],
      "passes": [],
      "failures": [],
      "pending": [],
      "skipped": [],
      "duration": 0,
      "root": true,
      "rootEmpty": true,
      "_timeout": 2000
    },
    {
      "uuid": "9dc6967c-9466-40e8-ace2-f23b19409059",
      "title": "",
      "fullFile": "cypress\\e2e\\integration\\automation-test-store\\contac-us.js",
      "file": "cypress\\e2e\\integration\\automation-test-store\\contac-us.js",
      "beforeHooks": [],
      "afterHooks": [],
      "tests": [],
      "suites": [
        {
          "uuid": "f4783333-a32d-4d0c-a62f-547dc85cac32",
          "title": "Test de contac en la web de webdriverUni",
          "fullFile": "",
          "file": "",
          "beforeHooks": [],
          "afterHooks": [],
          "tests": [
            {
              "title": "Debe poder enviar un formulario exitoso a través de contáctanos,",
              "fullTitle": "Test de contac en la web de webdriverUni Debe poder enviar un formulario exitoso a través de contáctanos,",
              "timedOut": null,
              "duration": 3211,
              "state": "failed",
              "speed": null,
              "pass": false,
              "fail": true,
              "pending": false,
              "context": null,
              "code": "cy.visit(\"https://automationteststore.com\");\ncy.get('.info_links_footer > :nth-child(5) > a').click();\n//cy.xpath('//*[@id=\"footer\"]/footer/section[2]/div/div[1]/div/ul/li[5]/a').click();\ncy.get('#ContactUsFrm_first_name').type('Laura');\n//cy.get('#ContactUsFrm_email').should('have.attr', 'name','email');\ncy.get('[name=\"email\"]').type('lau@gmail.com');\n//cy.xpath('//*[@id=\"ContactUsFrm_email\"]').click()\ncy.get('#ContactUsFrm_enquiry').type('TEXT TEXT TEXT TEXT TEXT TEXT TEXT TEXT TEXT TEXT TEXT TEXT');\ncy.get('.col-md-6 > .btn').click();\n//cy.get('.mb40 > :nth-child(3)').should('have.text','Your enquiry has been successfully sent to the store owner!');",
              "err": {
                "message": "CypressError: `cy.type()` can only be called on a single element. Your subject contained 2 elements.\n\nhttps://on.cypress.io/type",
                "estack": "CypressError: `cy.type()` can only be called on a single element. Your subject contained 2 elements.\n\nhttps://on.cypress.io/type\n    at Context.type (https://automationteststore.com/__cypress/runner/cypress_runner.js:134317:76)\n    at wrapped (https://automationteststore.com/__cypress/runner/cypress_runner.js:151168:19)\nFrom Your Spec Code:\n    at Context.eval (webpack:///./cypress/e2e/integration/automation-test-store/contac-us.js:10:33)",
                "diff": null
              },
              "uuid": "4ba2eb94-563f-41df-9e00-2bab3653a960",
              "parentUUID": "f4783333-a32d-4d0c-a62f-547dc85cac32",
              "isHook": false,
              "skipped": false
            }
          ],
          "suites": [],
          "passes": [],
          "failures": [
            "4ba2eb94-563f-41df-9e00-2bab3653a960"
          ],
          "pending": [],
          "skipped": [],
          "duration": 3211,
          "root": false,
          "rootEmpty": false,
          "_timeout": 2000
        }
      ],
      "passes": [],
      "failures": [],
      "pending": [],
      "skipped": [],
      "duration": 0,
      "root": true,
      "rootEmpty": true,
      "_timeout": 2000
    },
    {
      "uuid": "41a90e3f-dc9a-40a2-a7e1-2c2b9024a091",
      "title": "",
      "fullFile": "cypress\\e2e\\integration\\automation-test-store\\inspect-item.js",
      "file": "cypress\\e2e\\integration\\automation-test-store\\inspect-item.js",
      "beforeHooks": [],
      "afterHooks": [],
      "tests": [],
      "suites": [
        {
          "uuid": "d053af3c-4c64-4c05-8b5a-b339b9d1e190",
          "title": "Inspect Automation Test Store items using chain of commands",
          "fullFile": "",
          "file": "",
          "beforeHooks": [],
          "afterHooks": [],
          "tests": [
            {
              "title": "Click on the first item using item header",
              "fullTitle": "Inspect Automation Test Store items using chain of commands Click on the first item using item header",
              "timedOut": null,
              "duration": 3254,
              "state": "passed",
              "speed": "fast",
              "pass": true,
              "fail": false,
              "pending": false,
              "context": null,
              "code": "cy.visit(\"https://www.automationteststore.com/\");\ncy.get('#block_frame_featured_1769 > .thumbnails > :nth-child(1) > .fixed_wrapper > .fixed > .prdocutname').click();",
              "err": {},
              "uuid": "2a306af4-3dfb-4895-a124-3deb16a99953",
              "parentUUID": "d053af3c-4c64-4c05-8b5a-b339b9d1e190",
              "isHook": false,
              "skipped": false
            },
            {
              "title": "Click on the first item using item text",
              "fullTitle": "Inspect Automation Test Store items using chain of commands Click on the first item using item text",
              "timedOut": null,
              "duration": 3122,
              "state": "passed",
              "speed": "fast",
              "pass": true,
              "fail": false,
              "pending": false,
              "context": null,
              "code": "cy.visit(\"https://www.automationteststore.com/\");\ncy.get('.prdocutname').contains('Skinsheen Bronzer Stick').click();",
              "err": {},
              "uuid": "200cfb9a-09a4-445c-b752-60c3a83cb64f",
              "parentUUID": "d053af3c-4c64-4c05-8b5a-b339b9d1e190",
              "isHook": false,
              "skipped": false
            }
          ],
          "suites": [],
          "passes": [
            "2a306af4-3dfb-4895-a124-3deb16a99953",
            "200cfb9a-09a4-445c-b752-60c3a83cb64f"
          ],
          "failures": [],
          "pending": [],
          "skipped": [],
          "duration": 6376,
          "root": false,
          "rootEmpty": false,
          "_timeout": 2000
        }
      ],
      "passes": [],
      "failures": [],
      "pending": [],
      "skipped": [],
      "duration": 0,
      "root": true,
      "rootEmpty": true,
      "_timeout": 2000
    },
    {
      "uuid": "37dc619f-9874-4ce4-ac50-33daa2aaa490",
      "title": "",
      "fullFile": "cypress\\e2e\\integration\\automation-test-store\\iterate-over-elements_EACH.js",
      "file": "cypress\\e2e\\integration\\automation-test-store\\iterate-over-elements_EACH.js",
      "beforeHooks": [],
      "afterHooks": [],
      "tests": [],
      "suites": [
        {
          "uuid": "3f39ba38-68db-40c8-af96-9a0e7b33be6a",
          "title": "Iterate over elements",
          "fullFile": "",
          "file": "",
          "beforeHooks": [],
          "afterHooks": [],
          "tests": [
            {
              "title": "Log information of all hair care products",
              "fullTitle": "Iterate over elements Log information of all hair care products",
              "timedOut": null,
              "duration": 2516,
              "state": "passed",
              "speed": "fast",
              "pass": true,
              "fail": false,
              "pending": false,
              "context": null,
              "code": "cy.visit(\"https://automationteststore.com/\");\ncy.get(\"a[href*='product/category&path=']\").contains(\"Hair Care\").click();\ncy.get(\".fixed_wrapper .prdocutname\").each(($el, index, $list) => {\n  cy.log(\"Index: \" + index + \" : \" + $el.text());\n});",
              "err": {},
              "uuid": "b3385400-de4d-480e-9f65-cedb835fc7b2",
              "parentUUID": "3f39ba38-68db-40c8-af96-9a0e7b33be6a",
              "isHook": false,
              "skipped": false
            },
            {
              "title": "Add specific product to basket",
              "fullTitle": "Iterate over elements Add specific product to basket",
              "timedOut": null,
              "duration": 1559,
              "state": "passed",
              "speed": "fast",
              "pass": true,
              "fail": false,
              "pending": false,
              "context": null,
              "code": "cy.visit(\"https://automationteststore.com/\");\ncy.get(\"a[href*='product/category&path=']\").contains(\"Hair Care\").click();\ncy.get(\".fixed_wrapper .prdocutname\").each(($el, index, $list) => {\n  if ($el.text().includes('Curls to straight Shampoo')) {\n    cy.wrap($el).click();\n  }\n});",
              "err": {},
              "uuid": "13e16f09-c937-4433-938f-b504dca36747",
              "parentUUID": "3f39ba38-68db-40c8-af96-9a0e7b33be6a",
              "isHook": false,
              "skipped": false
            }
          ],
          "suites": [],
          "passes": [
            "b3385400-de4d-480e-9f65-cedb835fc7b2",
            "13e16f09-c937-4433-938f-b504dca36747"
          ],
          "failures": [],
          "pending": [],
          "skipped": [],
          "duration": 4075,
          "root": false,
          "rootEmpty": false,
          "_timeout": 2000
        }
      ],
      "passes": [],
      "failures": [],
      "pending": [],
      "skipped": [],
      "duration": 0,
      "root": true,
      "rootEmpty": true,
      "_timeout": 2000
    },
    {
      "uuid": "93abaf48-1cf7-41c8-b4b3-31bf3be8d915",
      "title": "",
      "fullFile": "cypress\\e2e\\integration\\webdriver-uni\\48-contact-us_CONTACT_PO.js",
      "file": "cypress\\e2e\\integration\\webdriver-uni\\48-contact-us_CONTACT_PO.js",
      "beforeHooks": [],
      "afterHooks": [],
      "tests": [],
      "suites": [
        {
          "uuid": "f87c0a81-a0ac-4737-8bef-28a709b41fb1",
          "title": "Test Contact Us form via WebdriverUni",
          "fullFile": "",
          "file": "",
          "beforeHooks": [],
          "afterHooks": [],
          "tests": [
            {
              "title": "Should be able to submit a successful submission via contact us form",
              "fullTitle": "Test Contact Us form via WebdriverUni Should be able to submit a successful submission via contact us form",
              "timedOut": null,
              "duration": 23744,
              "state": "passed",
              "speed": "slow",
              "pass": true,
              "fail": false,
              "pending": false,
              "context": null,
              "code": "cy.document().should(\"have.property\", \"charset\").and(\"eq\", \"UTF-8\");\ncy.title().should(\"include\", \"WebDriver | Contact Us\");\ncy.url().should(\"include\", \"contactus\");\n//cy.get('#contact-us').click({force: true})\n// cy.get('[name=\"first_name\"]').type(data.first_name);\n// cy.get('[name=\"last_name\"]').type(data.last_name);\n// cy.get('[name=\"email\"]').type(data.email)\n// cy.get('textarea.feedback-input').type(\"How can I learn Cypress?\")\n// cy.get('[type=\"submit\"]').click();\n// cy.get('h1').should('have.text', 'Thank You for your Message!')\n//cy.webdriverUni_ContactForm_Submission(Cypress.env(\"first_name\"), data.last_name, data.email,\n//  \"How can I learn Cypress?\", \"h1\", \"Thank You for your Message!\");\nconst contact_Us_PO = new _Contact_Us_PO.default(); //Mete aqui en dos lineas todo lo anterior mas el objeto creado en la carpeta pageObject\ncontact_Us_PO.contactForm_Submission(Cypress.env(\"first_name\"), data.last_name, data.email, \"How can I learn Cypress?\", \"h1\", \"Thank You for your Message!\");",
              "err": {},
              "uuid": "c44666ac-ef29-4f6c-a80a-7f6f83c85f5c",
              "parentUUID": "f87c0a81-a0ac-4737-8bef-28a709b41fb1",
              "isHook": false,
              "skipped": false
            },
            {
              "title": "Should not be able to submit a successful submission via contact us form as all fields are required",
              "fullTitle": "Test Contact Us form via WebdriverUni Should not be able to submit a successful submission via contact us form as all fields are required",
              "timedOut": null,
              "duration": 21260,
              "state": "failed",
              "speed": null,
              "pass": false,
              "fail": true,
              "pending": false,
              "context": null,
              "code": "// cy.get('[name=\"first_name\"]').type(data.first_name);\n// cy.get('[name=\"last_name\"]').type(data.last_name);\n// cy.get('textarea.feedback-input').type(\"How can I learn Cypress?\")\n// cy.get('[type=\"submit\"]').click();\n// cy.get('body').contains('Error: all fields are required');\ncy.webdriverUni_ContactForm_Submission(data.first_name, data.last_name, \" \", \"How can I learn Cypress?\", \"body\", \"Error: Invalid email address\");",
              "err": {
                "message": "CypressError: `cy.visit()` failed trying to load:\n\nhttp://www.webdriveruniversity.com/\n\nWe attempted to make an http request to this URL but the request failed without a response.\n\nWe received this error at the network level:\n\n  > Error: connect ETIMEDOUT 35.214.85.146:80\n\nCommon situations why this would fail:\n  - you don't have internet access\n  - you forgot to run / boot your web server\n  - your web server isn't accessible\n  - you have weird network configuration settings on your computer\n\nBecause this error occurred during a `before each` hook we are skipping the remaining tests in the current suite: `Test Contact Us form via We...`",
                "estack": "CypressError: `cy.visit()` failed trying to load:\n\nhttp://www.webdriveruniversity.com/\n\nWe attempted to make an http request to this URL but the request failed without a response.\n\nWe received this error at the network level:\n\n  > Error: connect ETIMEDOUT 35.214.85.146:80\n\nCommon situations why this would fail:\n  - you don't have internet access\n  - you forgot to run / boot your web server\n  - your web server isn't accessible\n  - you have weird network configuration settings on your computer\n\nBecause this error occurred during a `before each` hook we are skipping the remaining tests in the current suite: `Test Contact Us form via We...`\n    at <unknown> (http://www.webdriveruniversity.com/__cypress/runner/cypress_runner.js:138248:82)\n    at visitFailedByErr (http://www.webdriveruniversity.com/__cypress/runner/cypress_runner.js:137640:12)\n    at <unknown> (http://www.webdriveruniversity.com/__cypress/runner/cypress_runner.js:138247:11)\n    at tryCatcher (http://www.webdriveruniversity.com/__cypress/runner/cypress_runner.js:8914:23)\n    at Promise._settlePromiseFromHandler (http://www.webdriveruniversity.com/__cypress/runner/cypress_runner.js:6849:31)\n    at Promise._settlePromise (http://www.webdriveruniversity.com/__cypress/runner/cypress_runner.js:6906:18)\n    at Promise._settlePromise0 (http://www.webdriveruniversity.com/__cypress/runner/cypress_runner.js:6951:10)\n    at Promise._settlePromises (http://www.webdriveruniversity.com/__cypress/runner/cypress_runner.js:7027:18)\n    at _drainQueueStep (http://www.webdriveruniversity.com/__cypress/runner/cypress_runner.js:3621:12)\n    at _drainQueue (http://www.webdriveruniversity.com/__cypress/runner/cypress_runner.js:3614:9)\n    at ../../node_modules/bluebird/js/release/async.js.Async._drainQueues (http://www.webdriveruniversity.com/__cypress/runner/cypress_runner.js:3630:5)\n    at Async.drainQueues (http://www.webdriveruniversity.com/__cypress/runner/cypress_runner.js:3500:14)\nFrom Your Spec Code:\n    at HomePage_PO.visitHompage (webpack:///./cypress/support/pageObjects/webdriver-uni/Homepage_PO.js:3:11)\n    at Context.eval (webpack:///./cypress/e2e/integration/webdriver-uni/48-contact-us_CONTACT_PO.js:19:16)\n\nFrom Node.js Internals:\n  Error: connect ETIMEDOUT 35.214.85.146:80\n      at TCPConnectWrap.afterConnect [as oncomplete] (node:net:1187:16)",
                "diff": null
              },
              "uuid": "76b28559-1891-4515-b828-c1b3fda1007b",
              "parentUUID": "f87c0a81-a0ac-4737-8bef-28a709b41fb1",
              "isHook": false,
              "skipped": false
            }
          ],
          "suites": [],
          "passes": [
            "c44666ac-ef29-4f6c-a80a-7f6f83c85f5c"
          ],
          "failures": [
            "76b28559-1891-4515-b828-c1b3fda1007b"
          ],
          "pending": [],
          "skipped": [],
          "duration": 45004,
          "root": false,
          "rootEmpty": false,
          "_timeout": 2000
        }
      ],
      "passes": [],
      "failures": [],
      "pending": [],
      "skipped": [],
      "duration": 0,
      "root": true,
      "rootEmpty": true,
      "_timeout": 2000
    }
  ],
  "meta": {
    "mocha": {
      "version": "7.0.1"
    },
    "mochawesome": {
      "options": {
        "quiet": false,
        "reportFilename": "mochawesome",
        "saveHtml": false,
        "saveJson": true,
        "consoleReporter": "spec",
        "useInlineDiffs": false,
        "code": true
      },
      "version": "6.3.1"
    },
    "marge": {
      "options": {
        "id": "default",
        "reportDir": "cypress/results/mochawesome",
        "quite": true,
        "overwrite": false,
        "html": false,
        "json": true
      },
      "version": "5.2.0"
    }
  }
}